# JRE version: OpenJDK Runtime Environment (8.0_242-b01) (build 1.8.0_242-release-1644-b01)
# Java VM: OpenJDK 64-Bit Server VM (25.242-b01 mixed mode windows-amd64 compressed oops)
Heap:
 PSYoungGen      total 563200K, used 552920K [0x00000000d5580000, 0x00000000fd580000, 0x0000000100000000)
  eden space 517120K, 98% used [0x00000000d5580000,0x00000000f4476bc0,0x00000000f4e80000)
  from space 46080K, 99% used [0x00000000fa880000,0x00000000fd57f678,0x00000000fd580000)
  to   space 68608K, 0% used [0x00000000f4f80000,0x00000000f4f80000,0x00000000f9280000)
 ParOldGen       total 242176K, used 86667K [0x0000000080000000, 0x000000008ec80000, 0x00000000d5580000)
  object space 242176K, 35% used [0x0000000080000000,0x00000000854a2f40,0x000000008ec80000)
 Metaspace       used 182464K, capacity 192202K, committed 192448K, reserved 1216512K
  class space    used 23560K, capacity 25262K, committed 25344K, reserved 1048576K
GC Heap History (10 events):
Event: 7268.578 GC heap before
{Heap before GC invocations=28 (full 6):
 PSYoungGen      total 652800K, used 14176K [0x00000000d5580000, 0x0000000100000000, 0x0000000100000000)
  eden space 605184K, 0% used [0x00000000d5580000,0x00000000d5580000,0x00000000fa480000)
  from space 47616K, 29% used [0x00000000fd180000,0x00000000fdf580d0,0x0000000100000000)
  to   space 46080K, 0% used [0x00000000fa480000,0x00000000fa480000,0x00000000fd180000)
 ParOldGen       total 242176K, used 60667K [0x0000000080000000, 0x000000008ec80000, 0x00000000d5580000)
  object space 242176K, 25% used [0x0000000080000000,0x0000000083b3edb8,0x000000008ec80000)
 Metaspace       used 143440K, capacity 149938K, committed 153024K, reserved 1181696K
  class space    used 18458K, capacity 19631K, committed 20224K, reserved 1048576K
Event: 7269.150 GC heap after
Heap after GC invocations=28 (full 6):
 PSYoungGen      total 652800K, used 0K [0x00000000d5580000, 0x0000000100000000, 0x0000000100000000)
  eden space 605184K, 0% used [0x00000000d5580000,0x00000000d5580000,0x00000000fa480000)
  from space 47616K, 0% used [0x00000000fd180000,0x00000000fd180000,0x0000000100000000)
  to   space 46080K, 0% used [0x00000000fa480000,0x00000000fa480000,0x00000000fd180000)
 ParOldGen       total 242176K, used 63559K [0x0000000080000000, 0x000000008ec80000, 0x00000000d5580000)
  object space 242176K, 26% used [0x0000000080000000,0x0000000083e11c68,0x000000008ec80000)
 Metaspace       used 142815K, capacity 148852K, committed 153024K, reserved 1181696K
  class space    used 18340K, capacity 19420K, committed 20224K, reserved 1048576K
}
Event: 7904.465 GC heap before
{Heap before GC invocations=29 (full 6):
 PSYoungGen      total 652800K, used 605184K [0x00000000d5580000, 0x0000000100000000, 0x0000000100000000)
  eden space 605184K, 100% used [0x00000000d5580000,0x00000000fa480000,0x00000000fa480000)
  from space 47616K, 0% used [0x00000000fd180000,0x00000000fd180000,0x0000000100000000)
  to   space 46080K, 0% used [0x00000000fa480000,0x00000000fa480000,0x00000000fd180000)
 ParOldGen       total 242176K, used 63559K [0x0000000080000000, 0x000000008ec80000, 0x00000000d5580000)
  object space 242176K, 26% used [0x0000000080000000,0x0000000083e11c68,0x000000008ec80000)
 Metaspace       used 144381K, capacity 151588K, committed 153280K, reserved 1181696K
  class space    used 18568K, capacity 19828K, committed 20224K, reserved 1048576K
Event: 7904.491 GC heap after
Heap after GC invocations=29 (full 6):
 PSYoungGen      total 598016K, used 16256K [0x00000000d5580000, 0x00000000fe480000, 0x0000000100000000)
  eden space 581632K, 0% used [0x00000000d5580000,0x00000000d5580000,0x00000000f8d80000)
  from space 16384K, 99% used [0x00000000fa480000,0x00000000fb4602f8,0x00000000fb480000)
  to   space 44544K, 0% used [0x00000000fb900000,0x00000000fb900000,0x00000000fe480000)
 ParOldGen       total 242176K, used 63567K [0x0000000080000000, 0x000000008ec80000, 0x00000000d5580000)
  object space 242176K, 26% used [0x0000000080000000,0x0000000083e13c68,0x000000008ec80000)
 Metaspace       used 144381K, capacity 151588K, committed 153280K, reserved 1181696K
  class space    used 18568K, capacity 19828K, committed 20224K, reserved 1048576K
}
Event: 8134.739 GC heap before
{Heap before GC invocations=30 (full 6):
 PSYoungGen      total 598016K, used 597888K [0x00000000d5580000, 0x00000000fe480000, 0x0000000100000000)
  eden space 581632K, 100% used [0x00000000d5580000,0x00000000f8d80000,0x00000000f8d80000)
  from space 16384K, 99% used [0x00000000fa480000,0x00000000fb4602f8,0x00000000fb480000)
  to   space 44544K, 0% used [0x00000000fb900000,0x00000000fb900000,0x00000000fe480000)
 ParOldGen       total 242176K, used 63567K [0x0000000080000000, 0x000000008ec80000, 0x00000000d5580000)
  object space 242176K, 26% used [0x0000000080000000,0x0000000083e13c68,0x000000008ec80000)
 Metaspace       used 163223K, capacity 171276K, committed 172224K, reserved 1198080K
  class space    used 21143K, capacity 22565K, committed 22784K, reserved 1048576K
Event: 8134.799 GC heap after
Heap after GC invocations=30 (full 6):
 PSYoungGen      total 603648K, used 44534K [0x00000000d5580000, 0x00000000fe480000, 0x0000000100000000)
  eden space 559104K, 0% used [0x00000000d5580000,0x00000000d5580000,0x00000000f7780000)
  from space 44544K, 99% used [0x00000000fb900000,0x00000000fe47dbf0,0x00000000fe480000)
  to   space 53760K, 0% used [0x00000000f7b80000,0x00000000f7b80000,0x00000000fb000000)
 ParOldGen       total 242176K, used 71079K [0x0000000080000000, 0x000000008ec80000, 0x00000000d5580000)
  object space 242176K, 29% used [0x0000000080000000,0x0000000084569f88,0x000000008ec80000)
 Metaspace       used 163223K, capacity 171276K, committed 172224K, reserved 1198080K
  class space    used 21143K, capacity 22565K, committed 22784K, reserved 1048576K
}
Event: 8148.592 GC heap before
{Heap before GC invocations=31 (full 6):
 PSYoungGen      total 603648K, used 602327K [0x00000000d5580000, 0x00000000fe480000, 0x0000000100000000)
  eden space 559104K, 99% used [0x00000000d5580000,0x00000000f7638010,0x00000000f7780000)
  from space 44544K, 99% used [0x00000000fb900000,0x00000000fe47dbf0,0x00000000fe480000)
  to   space 53760K, 0% used [0x00000000f7b80000,0x00000000f7b80000,0x00000000fb000000)
 ParOldGen       total 242176K, used 72709K [0x0000000080000000, 0x000000008ec80000, 0x00000000d5580000)
  object space 242176K, 30% used [0x0000000080000000,0x0000000084701518,0x000000008ec80000)
 Metaspace       used 169631K, capacity 177910K, committed 178240K, reserved 1204224K
  class space    used 21834K, capacity 23298K, committed 23424K, reserved 1048576K
Event: 8148.647 GC heap after
Heap after GC invocations=31 (full 6):
 PSYoungGen      total 583680K, used 45925K [0x00000000d5580000, 0x00000000fd580000, 0x0000000100000000)
  eden space 537600K, 0% used [0x00000000d5580000,0x00000000d5580000,0x00000000f6280000)
  from space 46080K, 99% used [0x00000000f7b80000,0x00000000fa859768,0x00000000fa880000)
  to   space 46080K, 0% used [0x00000000fa880000,0x00000000fa880000,0x00000000fd580000)
 ParOldGen       total 242176K, used 72717K [0x0000000080000000, 0x000000008ec80000, 0x00000000d5580000)
  object space 242176K, 30% used [0x0000000080000000,0x0000000084703518,0x000000008ec80000)
 Metaspace       used 169631K, capacity 177910K, committed 178240K, reserved 1204224K
  class space    used 21834K, capacity 23298K, committed 23424K, reserved 1048576K
}
Event: 8163.749 GC heap before
{Heap before GC invocations=32 (full 6):
 PSYoungGen      total 583680K, used 583525K [0x00000000d5580000, 0x00000000fd580000, 0x0000000100000000)
  eden space 537600K, 100% used [0x00000000d5580000,0x00000000f6280000,0x00000000f6280000)
  from space 46080K, 99% used [0x00000000f7b80000,0x00000000fa859768,0x00000000fa880000)
  to   space 46080K, 0% used [0x00000000fa880000,0x00000000fa880000,0x00000000fd580000)
 ParOldGen       total 242176K, used 72718K [0x0000000080000000, 0x000000008ec80000, 0x00000000d5580000)
  object space 242176K, 30% used [0x0000000080000000,0x0000000084703b60,0x000000008ec80000)
 Metaspace       used 172456K, capacity 181058K, committed 181184K, reserved 1206272K
  class space    used 22183K, capacity 23720K, committed 23808K, reserved 1048576K
Event: 8163.795 GC heap after
Heap after GC invocations=32 (full 6):
 PSYoungGen      total 563200K, used 46077K [0x00000000d5580000, 0x00000000fd580000, 0x0000000100000000)
  eden space 517120K, 0% used [0x00000000d5580000,0x00000000d5580000,0x00000000f4e80000)
  from space 46080K, 99% used [0x00000000fa880000,0x00000000fd57f678,0x00000000fd580000)
  to   space 68608K, 0% used [0x00000000f4f80000,0x00000000f4f80000,0x00000000f9280000)
 ParOldGen       total 242176K, used 86667K [0x0000000080000000, 0x000000008ec80000, 0x00000000d5580000)
  object space 242176K, 35% used [0x0000000080000000,0x00000000854a2f40,0x000000008ec80000)
 Metaspace       used 172456K, capacity 181058K, committed 181184K, reserved 1206272K
  class space    used 22183K, capacity 23720K, committed 23808K, reserved 1048576K
}

