# JRE version: OpenJDK Runtime Environment (8.0_242-b01) (build 1.8.0_242-release-1644-b01)
# Java VM: OpenJDK 64-Bit Server VM (25.242-b01 mixed mode windows-amd64 compressed oops)
Heap:
 PSYoungGen      total 347136K, used 333238K [0x00000000d5580000, 0x00000000ef980000, 0x0000000100000000)
  eden space 317440K, 96% used [0x00000000d5580000,0x00000000e810add8,0x00000000e8b80000)
  from space 29696K, 89% used [0x00000000edb00000,0x00000000ef4e2d48,0x00000000ef800000)
  to   space 56320K, 0% used [0x00000000e8b80000,0x00000000e8b80000,0x00000000ec280000)
 ParOldGen       total 307200K, used 143448K [0x0000000080000000, 0x0000000092c00000, 0x00000000d5580000)
  object space 307200K, 46% used [0x0000000080000000,0x0000000088c163a0,0x0000000092c00000)
 Metaspace       used 125790K, capacity 132894K, committed 133080K, reserved 1165312K
  class space    used 16207K, capacity 17553K, committed 17664K, reserved 1048576K
GC Heap History (10 events):
Event: 2204.230 GC heap before
{Heap before GC invocations=26 (full 4):
 PSYoungGen      total 373760K, used 373746K [0x00000000d5580000, 0x00000000ef980000, 0x0000000100000000)
  eden space 317440K, 100% used [0x00000000d5580000,0x00000000e8b80000,0x00000000e8b80000)
  from space 56320K, 99% used [0x00000000e8b80000,0x00000000ec27cad8,0x00000000ec280000)
  to   space 29696K, 0% used [0x00000000edb00000,0x00000000edb00000,0x00000000ef800000)
 ParOldGen       total 307200K, used 99445K [0x0000000080000000, 0x0000000092c00000, 0x00000000d5580000)
  object space 307200K, 32% used [0x0000000080000000,0x000000008611d5b8,0x0000000092c00000)
 Metaspace       used 125110K, capacity 132104K, committed 132184K, reserved 1163264K
  class space    used 16141K, capacity 17490K, committed 17536K, reserved 1048576K
Event: 2204.296 GC heap after
Heap after GC invocations=26 (full 4):
 PSYoungGen      total 347136K, used 29669K [0x00000000d5580000, 0x00000000ef980000, 0x0000000100000000)
  eden space 317440K, 0% used [0x00000000d5580000,0x00000000d5580000,0x00000000e8b80000)
  from space 29696K, 99% used [0x00000000edb00000,0x00000000ef7f9498,0x00000000ef800000)
  to   space 56320K, 0% used [0x00000000e8b80000,0x00000000e8b80000,0x00000000ec280000)
 ParOldGen       total 307200K, used 133023K [0x0000000080000000, 0x0000000092c00000, 0x00000000d5580000)
  object space 307200K, 43% used [0x0000000080000000,0x00000000881e7de0,0x0000000092c00000)
 Metaspace       used 125110K, capacity 132104K, committed 132184K, reserved 1163264K
  class space    used 16141K, capacity 17490K, committed 17536K, reserved 1048576K
}
Event: 2206.035 GC heap before
{Heap before GC invocations=27 (full 4):
 PSYoungGen      total 347136K, used 347109K [0x00000000d5580000, 0x00000000ef980000, 0x0000000100000000)
  eden space 317440K, 100% used [0x00000000d5580000,0x00000000e8b80000,0x00000000e8b80000)
  from space 29696K, 99% used [0x00000000edb00000,0x00000000ef7f9498,0x00000000ef800000)
  to   space 56320K, 0% used [0x00000000e8b80000,0x00000000e8b80000,0x00000000ec280000)
 ParOldGen       total 307200K, used 133023K [0x0000000080000000, 0x0000000092c00000, 0x00000000d5580000)
  object space 307200K, 43% used [0x0000000080000000,0x00000000881e7de0,0x0000000092c00000)
 Metaspace       used 125459K, capacity 132528K, committed 132824K, reserved 1165312K
  class space    used 16195K, capacity 17548K, committed 17664K, reserved 1048576K
Event: 2206.111 GC heap after
Heap after GC invocations=27 (full 4):
 PSYoungGen      total 373760K, used 24644K [0x00000000d5580000, 0x00000000ef980000, 0x0000000100000000)
  eden space 317440K, 0% used [0x00000000d5580000,0x00000000d5580000,0x00000000e8b80000)
  from space 56320K, 43% used [0x00000000e8b80000,0x00000000ea391378,0x00000000ec280000)
  to   space 29696K, 0% used [0x00000000edb00000,0x00000000edb00000,0x00000000ef800000)
 ParOldGen       total 307200K, used 143440K [0x0000000080000000, 0x0000000092c00000, 0x00000000d5580000)
  object space 307200K, 46% used [0x0000000080000000,0x0000000088c143a0,0x0000000092c00000)
 Metaspace       used 125459K, capacity 132528K, committed 132824K, reserved 1165312K
  class space    used 16195K, capacity 17548K, committed 17664K, reserved 1048576K
}
Event: 2207.691 GC heap before
{Heap before GC invocations=28 (full 4):
 PSYoungGen      total 373760K, used 342084K [0x00000000d5580000, 0x00000000ef980000, 0x0000000100000000)
  eden space 317440K, 100% used [0x00000000d5580000,0x00000000e8b80000,0x00000000e8b80000)
  from space 56320K, 43% used [0x00000000e8b80000,0x00000000ea391378,0x00000000ec280000)
  to   space 29696K, 0% used [0x00000000edb00000,0x00000000edb00000,0x00000000ef800000)
 ParOldGen       total 307200K, used 143440K [0x0000000080000000, 0x0000000092c00000, 0x00000000d5580000)
  object space 307200K, 46% used [0x0000000080000000,0x0000000088c143a0,0x0000000092c00000)
 Metaspace       used 125550K, capacity 132608K, committed 132824K, reserved 1165312K
  class space    used 16203K, capacity 17552K, committed 17664K, reserved 1048576K
Event: 2207.729 GC heap after
Heap after GC invocations=28 (full 4):
 PSYoungGen      total 347136K, used 25734K [0x00000000d5580000, 0x00000000ef980000, 0x0000000100000000)
  eden space 317440K, 0% used [0x00000000d5580000,0x00000000d5580000,0x00000000e8b80000)
  from space 29696K, 86% used [0x00000000edb00000,0x00000000ef421950,0x00000000ef800000)
  to   space 56320K, 0% used [0x00000000e8b80000,0x00000000e8b80000,0x00000000ec280000)
 ParOldGen       total 307200K, used 143440K [0x0000000080000000, 0x0000000092c00000, 0x00000000d5580000)
  object space 307200K, 46% used [0x0000000080000000,0x0000000088c143a0,0x0000000092c00000)
 Metaspace       used 125550K, capacity 132608K, committed 132824K, reserved 1165312K
  class space    used 16203K, capacity 17552K, committed 17664K, reserved 1048576K
}
Event: 2209.181 GC heap before
{Heap before GC invocations=29 (full 4):
 PSYoungGen      total 347136K, used 343174K [0x00000000d5580000, 0x00000000ef980000, 0x0000000100000000)
  eden space 317440K, 100% used [0x00000000d5580000,0x00000000e8b80000,0x00000000e8b80000)
  from space 29696K, 86% used [0x00000000edb00000,0x00000000ef421950,0x00000000ef800000)
  to   space 56320K, 0% used [0x00000000e8b80000,0x00000000e8b80000,0x00000000ec280000)
 ParOldGen       total 307200K, used 143440K [0x0000000080000000, 0x0000000092c00000, 0x00000000d5580000)
  object space 307200K, 46% used [0x0000000080000000,0x0000000088c143a0,0x0000000092c00000)
 Metaspace       used 125566K, capacity 132612K, committed 132824K, reserved 1165312K
  class space    used 16203K, capacity 17552K, committed 17664K, reserved 1048576K
Event: 2209.228 GC heap after
Heap after GC invocations=29 (full 4):
 PSYoungGen      total 373760K, used 29595K [0x00000000d5580000, 0x00000000ef980000, 0x0000000100000000)
  eden space 317440K, 0% used [0x00000000d5580000,0x00000000d5580000,0x00000000e8b80000)
  from space 56320K, 52% used [0x00000000e8b80000,0x00000000ea866f48,0x00000000ec280000)
  to   space 29696K, 0% used [0x00000000edb00000,0x00000000edb00000,0x00000000ef800000)
 ParOldGen       total 307200K, used 143440K [0x0000000080000000, 0x0000000092c00000, 0x00000000d5580000)
  object space 307200K, 46% used [0x0000000080000000,0x0000000088c143a0,0x0000000092c00000)
 Metaspace       used 125566K, capacity 132612K, committed 132824K, reserved 1165312K
  class space    used 16203K, capacity 17552K, committed 17664K, reserved 1048576K
}
Event: 2211.639 GC heap before
{Heap before GC invocations=30 (full 4):
 PSYoungGen      total 373760K, used 347035K [0x00000000d5580000, 0x00000000ef980000, 0x0000000100000000)
  eden space 317440K, 100% used [0x00000000d5580000,0x00000000e8b80000,0x00000000e8b80000)
  from space 56320K, 52% used [0x00000000e8b80000,0x00000000ea866f48,0x00000000ec280000)
  to   space 29696K, 0% used [0x00000000edb00000,0x00000000edb00000,0x00000000ef800000)
 ParOldGen       total 307200K, used 143440K [0x0000000080000000, 0x0000000092c00000, 0x00000000d5580000)
  object space 307200K, 46% used [0x0000000080000000,0x0000000088c143a0,0x0000000092c00000)
 Metaspace       used 125664K, capacity 132676K, committed 132824K, reserved 1165312K
  class space    used 16203K, capacity 17552K, committed 17664K, reserved 1048576K
Event: 2211.672 GC heap after
Heap after GC invocations=30 (full 4):
 PSYoungGen      total 347136K, used 26507K [0x00000000d5580000, 0x00000000ef980000, 0x0000000100000000)
  eden space 317440K, 0% used [0x00000000d5580000,0x00000000d5580000,0x00000000e8b80000)
  from space 29696K, 89% used [0x00000000edb00000,0x00000000ef4e2d48,0x00000000ef800000)
  to   space 56320K, 0% used [0x00000000e8b80000,0x00000000e8b80000,0x00000000ec280000)
 ParOldGen       total 307200K, used 143448K [0x0000000080000000, 0x0000000092c00000, 0x00000000d5580000)
  object space 307200K, 46% used [0x0000000080000000,0x0000000088c163a0,0x0000000092c00000)
 Metaspace       used 125664K, capacity 132676K, committed 132824K, reserved 1165312K
  class space    used 16203K, capacity 17552K, committed 17664K, reserved 1048576K
}

